{"/home/real/Documents/GitHub/app/api-cadastro/src/controllers/userController.ts": {"path":"/home/real/Documents/GitHub/app/api-cadastro/src/controllers/userController.ts","statementMap":{"0":{"start":{"line":59,"column":0},"end":{"line":59,"column":7}},"1":{"start":{"line":2,"column":0},"end":{"line":2,"column":22}},"2":{"start":{"line":3,"column":0},"end":{"line":3,"column":58}},"3":{"start":{"line":6,"column":19},"end":{"line":10,"column":2}},"4":{"start":{"line":60,"column":2},"end":{"line":79,"column":3}},"5":{"start":{"line":61,"column":29},"end":{"line":61,"column":58}},"6":{"start":{"line":63,"column":4},"end":{"line":65,"column":5}},"7":{"start":{"line":64,"column":6},"end":{"line":64,"column":73}},"8":{"start":{"line":67,"column":34},"end":{"line":67,"column":39}},"9":{"start":{"line":69,"column":4},"end":{"line":69,"column":32}},"10":{"start":{"line":71,"column":4},"end":{"line":74,"column":7}},"11":{"start":{"line":77,"column":4},"end":{"line":77,"column":55}},"12":{"start":{"line":78,"column":4},"end":{"line":78,"column":103}}},"fnMap":{"0":{"name":"registerUser","decl":{"start":{"line":59,"column":22},"end":{"line":59,"column":34}},"loc":{"start":{"line":59,"column":62},"end":{"line":80,"column":1}}}},"branchMap":{"0":{"loc":{"start":{"line":63,"column":4},"end":{"line":65,"column":5}},"type":"if","locations":[{"start":{"line":63,"column":4},"end":{"line":65,"column":5}},{"start":{},"end":{}}]}},"s":{"0":1,"1":1,"2":1,"3":1,"4":5,"5":5,"6":5,"7":3,"8":2,"9":2,"10":1,"11":1,"12":1},"f":{"0":5},"b":{"0":[3,2]}}
,"/home/real/Documents/GitHub/app/api-cadastro/src/routes/routes.ts": {"path":"/home/real/Documents/GitHub/app/api-cadastro/src/routes/routes.ts","statementMap":{"0":{"start":{"line":1,"column":0},"end":{"line":1,"column":33}},"1":{"start":{"line":2,"column":0},"end":{"line":2,"column":61}},"2":{"start":{"line":4,"column":15},"end":{"line":4,"column":23}},"3":{"start":{"line":6,"column":0},"end":{"line":6,"column":36}},"4":{"start":{"line":8,"column":0},"end":{"line":8,"column":22}}},"fnMap":{},"branchMap":{},"s":{"0":1,"1":1,"2":1,"3":1,"4":1},"f":{},"b":{}}
,"/home/real/Documents/GitHub/app/api-cadastro/src/services/rabbitmqService.ts": {"path":"/home/real/Documents/GitHub/app/api-cadastro/src/services/rabbitmqService.ts","statementMap":{"0":{"start":{"line":10,"column":0},"end":{"line":10,"column":7}},"1":{"start":{"line":23,"column":0},"end":{"line":23,"column":7}},"2":{"start":{"line":1,"column":0},"end":{"line":1,"column":32}},"3":{"start":{"line":8,"column":21},"end":{"line":8,"column":67}},"4":{"start":{"line":11,"column":2},"end":{"line":20,"column":3}},"5":{"start":{"line":12,"column":4},"end":{"line":12,"column":50}},"6":{"start":{"line":13,"column":4},"end":{"line":13,"column":47}},"7":{"start":{"line":14,"column":4},"end":{"line":14,"column":50}},"8":{"start":{"line":16,"column":4},"end":{"line":16,"column":76}},"9":{"start":{"line":18,"column":4},"end":{"line":18,"column":69}},"10":{"start":{"line":19,"column":4},"end":{"line":19,"column":20}},"11":{"start":{"line":24,"column":2},"end":{"line":26,"column":3}},"12":{"start":{"line":25,"column":4},"end":{"line":25,"column":61}},"13":{"start":{"line":28,"column":18},"end":{"line":28,"column":38}},"14":{"start":{"line":29,"column":2},"end":{"line":29,"column":93}},"15":{"start":{"line":30,"column":2},"end":{"line":30,"column":68}},"16":{"start":{"line":33,"column":0},"end":{"line":50,"column":3}},"17":{"start":{"line":34,"column":2},"end":{"line":41,"column":3}},"18":{"start":{"line":35,"column":4},"end":{"line":40,"column":5}},"19":{"start":{"line":36,"column":6},"end":{"line":36,"column":28}},"20":{"start":{"line":37,"column":6},"end":{"line":37,"column":48}},"21":{"start":{"line":39,"column":6},"end":{"line":39,"column":60}},"22":{"start":{"line":42,"column":2},"end":{"line":49,"column":3}},"23":{"start":{"line":43,"column":4},"end":{"line":48,"column":5}},"24":{"start":{"line":44,"column":6},"end":{"line":44,"column":31}},"25":{"start":{"line":45,"column":6},"end":{"line":45,"column":51}},"26":{"start":{"line":47,"column":6},"end":{"line":47,"column":59}}},"fnMap":{"0":{"name":"connectRabbitMQ","decl":{"start":{"line":10,"column":22},"end":{"line":10,"column":37}},"loc":{"start":{"line":10,"column":37},"end":{"line":21,"column":1}}},"1":{"name":"publishUser","decl":{"start":{"line":23,"column":22},"end":{"line":23,"column":33}},"loc":{"start":{"line":23,"column":51},"end":{"line":31,"column":1}}},"2":{"name":"(anonymous_11)","decl":{"start":{"line":33,"column":25},"end":{"line":33,"column":30}},"loc":{"start":{"line":33,"column":36},"end":{"line":50,"column":1}}}},"branchMap":{"0":{"loc":{"start":{"line":8,"column":21},"end":{"line":8,"column":67}},"type":"binary-expr","locations":[{"start":{"line":8,"column":21},"end":{"line":8,"column":45}},{"start":{"line":8,"column":49},"end":{"line":8,"column":67}}]},"1":{"loc":{"start":{"line":24,"column":2},"end":{"line":26,"column":3}},"type":"if","locations":[{"start":{"line":24,"column":2},"end":{"line":26,"column":3}},{"start":{},"end":{}}]},"2":{"loc":{"start":{"line":34,"column":2},"end":{"line":41,"column":3}},"type":"if","locations":[{"start":{"line":34,"column":2},"end":{"line":41,"column":3}},{"start":{},"end":{}}]},"3":{"loc":{"start":{"line":42,"column":2},"end":{"line":49,"column":3}},"type":"if","locations":[{"start":{"line":42,"column":2},"end":{"line":49,"column":3}},{"start":{},"end":{}}]}},"s":{"0":1,"1":1,"2":1,"3":1,"4":0,"5":0,"6":0,"7":0,"8":0,"9":0,"10":0,"11":0,"12":0,"13":0,"14":0,"15":0,"16":1,"17":0,"18":0,"19":0,"20":0,"21":0,"22":0,"23":0,"24":0,"25":0,"26":0},"f":{"0":0,"1":0,"2":0},"b":{"0":[1,1],"1":[0,0],"2":[0,0],"3":[0,0]}}
,"/home/real/Documents/GitHub/app/api-cadastro/src/types/user.d.ts": {"path":"/home/real/Documents/GitHub/app/api-cadastro/src/types/user.d.ts","statementMap":{},"fnMap":{},"branchMap":{},"s":{},"f":{},"b":{}}
}
