TN:
SF:src/controllers/userController.ts
FN:59,registerUser
FNF:1
FNH:1
FNDA:5,registerUser
DA:2,1
DA:3,1
DA:6,1
DA:59,1
DA:60,5
DA:61,5
DA:63,5
DA:64,3
DA:67,2
DA:69,2
DA:71,1
DA:77,1
DA:78,1
LF:13
LH:13
BRDA:63,0,0,3
BRDA:63,0,1,2
BRF:2
BRH:2
end_of_record
TN:
SF:src/routes/routes.ts
FNF:0
FNH:0
DA:1,1
DA:2,1
DA:4,1
DA:6,1
DA:8,1
LF:5
LH:5
BRF:0
BRH:0
end_of_record
TN:
SF:src/services/rabbitmqService.ts
FN:10,connectRabbitMQ
FN:23,publishUser
FN:33,(anonymous_11)
FNF:3
FNH:0
FNDA:0,connectRabbitMQ
FNDA:0,publishUser
FNDA:0,(anonymous_11)
DA:1,1
DA:8,1
DA:10,1
DA:11,0
DA:12,0
DA:13,0
DA:14,0
DA:16,0
DA:18,0
DA:19,0
DA:23,1
DA:24,0
DA:25,0
DA:28,0
DA:29,0
DA:30,0
DA:33,1
DA:34,0
DA:35,0
DA:36,0
DA:37,0
DA:39,0
DA:42,0
DA:43,0
DA:44,0
DA:45,0
DA:47,0
LF:27
LH:5
BRDA:8,0,0,1
BRDA:8,0,1,1
BRDA:24,1,0,0
BRDA:24,1,1,0
BRDA:34,2,0,0
BRDA:34,2,1,0
BRDA:42,3,0,0
BRDA:42,3,1,0
BRF:8
BRH:2
end_of_record
TN:
SF:src/types/user.d.ts
FNF:0
FNH:0
LF:0
LH:0
BRF:0
BRH:0
end_of_record
