{"/home/real/Documents/GitHub/app/registro-lead/src/models/User.ts": {"path":"/home/real/Documents/GitHub/app/registro-lead/src/models/User.ts","statementMap":{"0":{"start":{"line":1,"column":0},"end":{"line":1,"column":51}},"1":{"start":{"line":6,"column":19},"end":{"line":12,"column":2}},"2":{"start":{"line":14,"column":13},"end":{"line":14,"column":45}},"3":{"start":{"line":16,"column":0},"end":{"line":16,"column":20}}},"fnMap":{},"branchMap":{},"s":{"0":0,"1":0,"2":0,"3":0},"f":{},"b":{}}
,"/home/real/Documents/GitHub/app/registro-lead/src/schemas/userSchema.ts": {"path":"/home/real/Documents/GitHub/app/registro-lead/src/schemas/userSchema.ts","statementMap":{"0":{"start":{"line":1,"column":0},"end":{"line":1,"column":22}},"1":{"start":{"line":3,"column":13},"end":{"line":7,"column":3}}},"fnMap":{},"branchMap":{},"s":{"0":1,"1":1},"f":{},"b":{}}
,"/home/real/Documents/GitHub/app/registro-lead/src/services/launchEmailService.ts": {"path":"/home/real/Documents/GitHub/app/registro-lead/src/services/launchEmailService.ts","statementMap":{"0":{"start":{"line":6,"column":0},"end":{"line":6,"column":7}},"1":{"start":{"line":35,"column":0},"end":{"line":35,"column":7}},"2":{"start":{"line":1,"column":0},"end":{"line":1,"column":36}},"3":{"start":{"line":4,"column":49},"end":{"line":4,"column":53}},"4":{"start":{"line":7,"column":24},"end":{"line":7,"column":49}},"5":{"start":{"line":8,"column":24},"end":{"line":8,"column":49}},"6":{"start":{"line":10,"column":2},"end":{"line":15,"column":3}},"7":{"start":{"line":11,"column":4},"end":{"line":13,"column":6}},"8":{"start":{"line":14,"column":4},"end":{"line":14,"column":11}},"9":{"start":{"line":17,"column":2},"end":{"line":32,"column":3}},"10":{"start":{"line":18,"column":4},"end":{"line":26,"column":7}},"11":{"start":{"line":28,"column":4},"end":{"line":28,"column":31}},"12":{"start":{"line":29,"column":4},"end":{"line":29,"column":69}},"13":{"start":{"line":31,"column":4},"end":{"line":31,"column":76}},"14":{"start":{"line":36,"column":2},"end":{"line":42,"column":3}},"15":{"start":{"line":37,"column":4},"end":{"line":40,"column":6}},"16":{"start":{"line":41,"column":4},"end":{"line":41,"column":11}},"17":{"start":{"line":44,"column":24},"end":{"line":44,"column":49}},"18":{"start":{"line":46,"column":2},"end":{"line":65,"column":3}},"19":{"start":{"line":47,"column":17},"end":{"line":56,"column":6}},"20":{"start":{"line":58,"column":4},"end":{"line":58,"column":64}},"21":{"start":{"line":59,"column":4},"end":{"line":62,"column":6}},"22":{"start":{"line":64,"column":4},"end":{"line":64,"column":70}},"23":{"start":{"line":72,"column":42},"end":{"line":74,"column":1}},"24":{"start":{"line":73,"column":2},"end":{"line":73,"column":21}},"25":{"start":{"line":72,"column":13},"end":{"line":72,"column":42}}},"fnMap":{"0":{"name":"launchEmailService","decl":{"start":{"line":6,"column":22},"end":{"line":6,"column":40}},"loc":{"start":{"line":6,"column":40},"end":{"line":33,"column":1}}},"1":{"name":"sendWelcomeEmail","decl":{"start":{"line":35,"column":22},"end":{"line":35,"column":38}},"loc":{"start":{"line":35,"column":56},"end":{"line":66,"column":1}}},"2":{"name":"(anonymous_3)","decl":{"start":{"line":72,"column":42},"end":{"line":72,"column":51}},"loc":{"start":{"line":72,"column":53},"end":{"line":74,"column":1}}}},"branchMap":{"0":{"loc":{"start":{"line":10,"column":2},"end":{"line":15,"column":3}},"type":"if","locations":[{"start":{"line":10,"column":2},"end":{"line":15,"column":3}},{"start":{},"end":{}}]},"1":{"loc":{"start":{"line":10,"column":6},"end":{"line":10,"column":38}},"type":"binary-expr","locations":[{"start":{"line":10,"column":6},"end":{"line":10,"column":20}},{"start":{"line":10,"column":24},"end":{"line":10,"column":38}}]},"2":{"loc":{"start":{"line":36,"column":2},"end":{"line":42,"column":3}},"type":"if","locations":[{"start":{"line":36,"column":2},"end":{"line":42,"column":3}},{"start":{},"end":{}}]}},"s":{"0":1,"1":1,"2":1,"3":1,"4":6,"5":6,"6":6,"7":2,"8":2,"9":4,"10":4,"11":4,"12":3,"13":1,"14":3,"15":1,"16":1,"17":2,"18":2,"19":2,"20":1,"21":1,"22":1,"23":1,"24":7,"25":1},"f":{"0":6,"1":3,"2":7},"b":{"0":[2,4],"1":[6,5],"2":[1,2]}}
,"/home/real/Documents/GitHub/app/registro-lead/src/services/mongoService.ts": {"path":"/home/real/Documents/GitHub/app/registro-lead/src/services/mongoService.ts","statementMap":{"0":{"start":{"line":7,"column":0},"end":{"line":7,"column":7}},"1":{"start":{"line":17,"column":0},"end":{"line":17,"column":7}},"2":{"start":{"line":1,"column":0},"end":{"line":1,"column":32}},"3":{"start":{"line":2,"column":0},"end":{"line":2,"column":45}},"4":{"start":{"line":5,"column":18},"end":{"line":5,"column":77}},"5":{"start":{"line":8,"column":2},"end":{"line":14,"column":3}},"6":{"start":{"line":9,"column":4},"end":{"line":9,"column":38}},"7":{"start":{"line":10,"column":4},"end":{"line":10,"column":53}},"8":{"start":{"line":12,"column":4},"end":{"line":12,"column":57}},"9":{"start":{"line":13,"column":4},"end":{"line":13,"column":20}},"10":{"start":{"line":18,"column":2},"end":{"line":30,"column":3}},"11":{"start":{"line":19,"column":20},"end":{"line":19,"column":38}},"12":{"start":{"line":20,"column":4},"end":{"line":20,"column":25}},"13":{"start":{"line":21,"column":4},"end":{"line":21,"column":60}},"14":{"start":{"line":22,"column":4},"end":{"line":22,"column":19}},"15":{"start":{"line":24,"column":4},"end":{"line":27,"column":5}},"16":{"start":{"line":25,"column":6},"end":{"line":25,"column":69}},"17":{"start":{"line":26,"column":6},"end":{"line":26,"column":18}},"18":{"start":{"line":28,"column":4},"end":{"line":28,"column":63}},"19":{"start":{"line":29,"column":4},"end":{"line":29,"column":16}},"20":{"start":{"line":33,"column":0},"end":{"line":38,"column":3}},"21":{"start":{"line":34,"column":2},"end":{"line":37,"column":3}},"22":{"start":{"line":35,"column":4},"end":{"line":35,"column":32}},"23":{"start":{"line":36,"column":4},"end":{"line":36,"column":48}}},"fnMap":{"0":{"name":"connectMongoDB","decl":{"start":{"line":7,"column":22},"end":{"line":7,"column":36}},"loc":{"start":{"line":7,"column":36},"end":{"line":15,"column":1}}},"1":{"name":"saveUser","decl":{"start":{"line":17,"column":22},"end":{"line":17,"column":30}},"loc":{"start":{"line":17,"column":52},"end":{"line":31,"column":1}}},"2":{"name":"(anonymous_3)","decl":{"start":{"line":33,"column":25},"end":{"line":33,"column":30}},"loc":{"start":{"line":33,"column":36},"end":{"line":38,"column":1}}}},"branchMap":{"0":{"loc":{"start":{"line":5,"column":18},"end":{"line":5,"column":77}},"type":"binary-expr","locations":[{"start":{"line":5,"column":18},"end":{"line":5,"column":39}},{"start":{"line":5,"column":43},"end":{"line":5,"column":77}}]},"1":{"loc":{"start":{"line":24,"column":4},"end":{"line":27,"column":5}},"type":"if","locations":[{"start":{"line":24,"column":4},"end":{"line":27,"column":5}},{"start":{},"end":{}}]},"2":{"loc":{"start":{"line":34,"column":2},"end":{"line":37,"column":3}},"type":"if","locations":[{"start":{"line":34,"column":2},"end":{"line":37,"column":3}},{"start":{},"end":{}}]}},"s":{"0":1,"1":1,"2":1,"3":1,"4":1,"5":2,"6":2,"7":1,"8":1,"9":1,"10":3,"11":3,"12":3,"13":1,"14":1,"15":2,"16":1,"17":1,"18":1,"19":1,"20":1,"21":0,"22":0,"23":0},"f":{"0":2,"1":3,"2":0},"b":{"0":[1,1],"1":[1,1],"2":[0,0]}}
,"/home/real/Documents/GitHub/app/registro-lead/src/services/rabbitmqConsumerService.ts": {"path":"/home/real/Documents/GitHub/app/registro-lead/src/services/rabbitmqConsumerService.ts","statementMap":{"0":{"start":{"line":14,"column":0},"end":{"line":14,"column":7}},"1":{"start":{"line":46,"column":0},"end":{"line":46,"column":16}},"2":{"start":{"line":50,"column":0},"end":{"line":50,"column":16}},"3":{"start":{"line":60,"column":0},"end":{"line":60,"column":7}},"4":{"start":{"line":1,"column":0},"end":{"line":1,"column":32}},"5":{"start":{"line":3,"column":0},"end":{"line":3,"column":42}},"6":{"start":{"line":4,"column":0},"end":{"line":4,"column":56}},"7":{"start":{"line":6,"column":0},"end":{"line":6,"column":61}},"8":{"start":{"line":8,"column":21},"end":{"line":8,"column":72}},"9":{"start":{"line":9,"column":19},"end":{"line":9,"column":44}},"10":{"start":{"line":11,"column":39},"end":{"line":11,"column":43}},"11":{"start":{"line":12,"column":31},"end":{"line":12,"column":35}},"12":{"start":{"line":15,"column":2},"end":{"line":43,"column":3}},"13":{"start":{"line":16,"column":4},"end":{"line":16,"column":50}},"14":{"start":{"line":17,"column":4},"end":{"line":17,"column":47}},"15":{"start":{"line":18,"column":4},"end":{"line":18,"column":67}},"16":{"start":{"line":20,"column":4},"end":{"line":20,"column":61}},"17":{"start":{"line":22,"column":4},"end":{"line":22,"column":63}},"18":{"start":{"line":24,"column":4},"end":{"line":24,"column":24}},"19":{"start":{"line":26,"column":4},"end":{"line":38,"column":7}},"20":{"start":{"line":28,"column":6},"end":{"line":35,"column":7}},"21":{"start":{"line":30,"column":8},"end":{"line":30,"column":63}},"22":{"start":{"line":31,"column":13},"end":{"line":35,"column":7}},"23":{"start":{"line":32,"column":8},"end":{"line":32,"column":103}},"24":{"start":{"line":34,"column":8},"end":{"line":34,"column":85}},"25":{"start":{"line":41,"column":4},"end":{"line":41,"column":65}},"26":{"start":{"line":42,"column":4},"end":{"line":42,"column":20}},"27":{"start":{"line":47,"column":2},"end":{"line":47,"column":17}},"28":{"start":{"line":51,"column":2},"end":{"line":51,"column":20}},"29":{"start":{"line":61,"column":2},"end":{"line":64,"column":3}},"30":{"start":{"line":62,"column":4},"end":{"line":62,"column":56}},"31":{"start":{"line":63,"column":4},"end":{"line":63,"column":11}},"32":{"start":{"line":66,"column":2},"end":{"line":91,"column":3}},"33":{"start":{"line":67,"column":37},"end":{"line":67,"column":71}},"34":{"start":{"line":68,"column":4},"end":{"line":68,"column":63}},"35":{"start":{"line":70,"column":39},"end":{"line":70,"column":81}},"36":{"start":{"line":72,"column":4},"end":{"line":76,"column":5}},"37":{"start":{"line":73,"column":6},"end":{"line":73,"column":69}},"38":{"start":{"line":74,"column":6},"end":{"line":74,"column":40}},"39":{"start":{"line":75,"column":6},"end":{"line":75,"column":13}},"40":{"start":{"line":78,"column":22},"end":{"line":78,"column":46}},"41":{"start":{"line":80,"column":4},"end":{"line":82,"column":5}},"42":{"start":{"line":81,"column":6},"end":{"line":81,"column":39}},"43":{"start":{"line":84,"column":4},"end":{"line":84,"column":28}},"44":{"start":{"line":85,"column":4},"end":{"line":85,"column":53}},"45":{"start":{"line":89,"column":4},"end":{"line":89,"column":88}},"46":{"start":{"line":90,"column":4},"end":{"line":90,"column":38}},"47":{"start":{"line":94,"column":0},"end":{"line":111,"column":3}},"48":{"start":{"line":95,"column":2},"end":{"line":102,"column":3}},"49":{"start":{"line":96,"column":4},"end":{"line":101,"column":5}},"50":{"start":{"line":97,"column":6},"end":{"line":97,"column":28}},"51":{"start":{"line":98,"column":6},"end":{"line":98,"column":48}},"52":{"start":{"line":100,"column":6},"end":{"line":100,"column":60}},"53":{"start":{"line":103,"column":2},"end":{"line":110,"column":3}},"54":{"start":{"line":104,"column":4},"end":{"line":109,"column":5}},"55":{"start":{"line":105,"column":6},"end":{"line":105,"column":31}},"56":{"start":{"line":106,"column":6},"end":{"line":106,"column":64}},"57":{"start":{"line":108,"column":6},"end":{"line":108,"column":59}}},"fnMap":{"0":{"name":"startRabbitMQConsumer","decl":{"start":{"line":14,"column":22},"end":{"line":14,"column":43}},"loc":{"start":{"line":14,"column":43},"end":{"line":44,"column":1}}},"1":{"name":"(anonymous_10)","decl":{"start":{"line":26,"column":32},"end":{"line":26,"column":33}},"loc":{"start":{"line":26,"column":40},"end":{"line":36,"column":5}}},"2":{"name":"getChannel","decl":{"start":{"line":46,"column":16},"end":{"line":46,"column":26}},"loc":{"start":{"line":46,"column":26},"end":{"line":48,"column":1}}},"3":{"name":"getConnection","decl":{"start":{"line":50,"column":16},"end":{"line":50,"column":29}},"loc":{"start":{"line":50,"column":29},"end":{"line":52,"column":1}}},"4":{"name":"processReceivedMessage","decl":{"start":{"line":60,"column":22},"end":{"line":60,"column":44}},"loc":{"start":{"line":60,"column":89},"end":{"line":92,"column":1}}},"5":{"name":"(anonymous_14)","decl":{"start":{"line":94,"column":25},"end":{"line":94,"column":30}},"loc":{"start":{"line":94,"column":36},"end":{"line":111,"column":1}}}},"branchMap":{"0":{"loc":{"start":{"line":8,"column":21},"end":{"line":8,"column":72}},"type":"binary-expr","locations":[{"start":{"line":8,"column":21},"end":{"line":8,"column":45}},{"start":{"line":8,"column":49},"end":{"line":8,"column":72}}]},"1":{"loc":{"start":{"line":28,"column":6},"end":{"line":35,"column":7}},"type":"if","locations":[{"start":{"line":28,"column":6},"end":{"line":35,"column":7}},{"start":{"line":31,"column":13},"end":{"line":35,"column":7}}]},"2":{"loc":{"start":{"line":28,"column":10},"end":{"line":28,"column":33}},"type":"binary-expr","locations":[{"start":{"line":28,"column":10},"end":{"line":28,"column":22}},{"start":{"line":28,"column":26},"end":{"line":28,"column":33}}]},"3":{"loc":{"start":{"line":31,"column":13},"end":{"line":35,"column":7}},"type":"if","locations":[{"start":{"line":31,"column":13},"end":{"line":35,"column":7}},{"start":{"line":33,"column":13},"end":{"line":35,"column":7}}]},"4":{"loc":{"start":{"line":61,"column":2},"end":{"line":64,"column":3}},"type":"if","locations":[{"start":{"line":61,"column":2},"end":{"line":64,"column":3}},{"start":{},"end":{}}]},"5":{"loc":{"start":{"line":72,"column":4},"end":{"line":76,"column":5}},"type":"if","locations":[{"start":{"line":72,"column":4},"end":{"line":76,"column":5}},{"start":{},"end":{}}]},"6":{"loc":{"start":{"line":80,"column":4},"end":{"line":82,"column":5}},"type":"if","locations":[{"start":{"line":80,"column":4},"end":{"line":82,"column":5}},{"start":{},"end":{}}]},"7":{"loc":{"start":{"line":95,"column":2},"end":{"line":102,"column":3}},"type":"if","locations":[{"start":{"line":95,"column":2},"end":{"line":102,"column":3}},{"start":{},"end":{}}]},"8":{"loc":{"start":{"line":103,"column":2},"end":{"line":110,"column":3}},"type":"if","locations":[{"start":{"line":103,"column":2},"end":{"line":110,"column":3}},{"start":{},"end":{}}]}},"s":{"0":1,"1":1,"2":1,"3":1,"4":1,"5":1,"6":1,"7":1,"8":1,"9":1,"10":1,"11":1,"12":0,"13":0,"14":0,"15":0,"16":0,"17":0,"18":0,"19":0,"20":0,"21":0,"22":0,"23":0,"24":0,"25":0,"26":0,"27":0,"28":0,"29":5,"30":1,"31":1,"32":4,"33":4,"34":4,"35":4,"36":4,"37":1,"38":1,"39":1,"40":3,"41":2,"42":2,"43":1,"44":1,"45":2,"46":2,"47":1,"48":0,"49":0,"50":0,"51":0,"52":0,"53":0,"54":0,"55":0,"56":0,"57":0},"f":{"0":0,"1":0,"2":0,"3":0,"4":5,"5":0},"b":{"0":[1,1],"1":[0,0],"2":[0,0],"3":[0,0],"4":[1,4],"5":[1,3],"6":[2,0],"7":[0,0],"8":[0,0]}}
,"/home/real/Documents/GitHub/app/registro-lead/src/types/user.d.ts": {"path":"/home/real/Documents/GitHub/app/registro-lead/src/types/user.d.ts","statementMap":{},"fnMap":{},"branchMap":{},"s":{},"f":{},"b":{}}
}
