TN:
SF:src/models/User.ts
FNF:0
FNH:0
DA:1,0
DA:6,0
DA:14,0
DA:16,0
LF:4
LH:0
BRF:0
BRH:0
end_of_record
TN:
SF:src/schemas/userSchema.ts
FNF:0
FNH:0
DA:1,1
DA:3,1
LF:2
LH:2
BRF:0
BRH:0
end_of_record
TN:
SF:src/services/launchEmailService.ts
FN:6,launchEmailService
FN:35,sendWelcomeEmail
FN:72,(anonymous_3)
FNF:3
FNH:3
FNDA:6,launchEmailService
FNDA:3,sendWelcomeEmail
FNDA:7,(anonymous_3)
DA:1,1
DA:4,1
DA:6,1
DA:7,6
DA:8,6
DA:10,6
DA:11,2
DA:14,2
DA:17,4
DA:18,4
DA:28,4
DA:29,3
DA:31,1
DA:35,1
DA:36,3
DA:37,1
DA:41,1
DA:44,2
DA:46,2
DA:47,2
DA:58,1
DA:59,1
DA:64,1
DA:72,1
DA:73,7
LF:25
LH:25
BRDA:10,0,0,2
BRDA:10,0,1,4
BRDA:10,1,0,6
BRDA:10,1,1,5
BRDA:36,2,0,1
BRDA:36,2,1,2
BRF:6
BRH:6
end_of_record
TN:
SF:src/services/mongoService.ts
FN:7,connectMongoDB
FN:17,saveUser
FN:33,(anonymous_3)
FNF:3
FNH:2
FNDA:2,connectMongoDB
FNDA:3,saveUser
FNDA:0,(anonymous_3)
DA:1,1
DA:2,1
DA:5,1
DA:7,1
DA:8,2
DA:9,2
DA:10,1
DA:12,1
DA:13,1
DA:17,1
DA:18,3
DA:19,3
DA:20,3
DA:21,1
DA:22,1
DA:24,2
DA:25,1
DA:26,1
DA:28,1
DA:29,1
DA:33,1
DA:34,0
DA:35,0
DA:36,0
LF:24
LH:21
BRDA:5,0,0,1
BRDA:5,0,1,1
BRDA:24,1,0,1
BRDA:24,1,1,1
BRDA:34,2,0,0
BRDA:34,2,1,0
BRF:6
BRH:4
end_of_record
TN:
SF:src/services/rabbitmqConsumerService.ts
FN:14,startRabbitMQConsumer
FN:26,(anonymous_10)
FN:46,getChannel
FN:50,getConnection
FN:60,processReceivedMessage
FN:94,(anonymous_14)
FNF:6
FNH:1
FNDA:0,startRabbitMQConsumer
FNDA:0,(anonymous_10)
FNDA:0,getChannel
FNDA:0,getConnection
FNDA:5,processReceivedMessage
FNDA:0,(anonymous_14)
DA:1,1
DA:3,1
DA:4,1
DA:6,1
DA:8,1
DA:9,1
DA:11,1
DA:12,1
DA:14,1
DA:15,0
DA:16,0
DA:17,0
DA:18,0
DA:20,0
DA:22,0
DA:24,0
DA:26,0
DA:28,0
DA:30,0
DA:31,0
DA:32,0
DA:34,0
DA:41,0
DA:42,0
DA:46,1
DA:47,0
DA:50,1
DA:51,0
DA:60,1
DA:61,5
DA:62,1
DA:63,1
DA:66,4
DA:67,4
DA:68,4
DA:70,4
DA:72,4
DA:73,1
DA:74,1
DA:75,1
DA:78,3
DA:80,2
DA:81,2
DA:84,1
DA:85,1
DA:89,2
DA:90,2
DA:94,1
DA:95,0
DA:96,0
DA:97,0
DA:98,0
DA:100,0
DA:103,0
DA:104,0
DA:105,0
DA:106,0
DA:108,0
LF:58
LH:31
BRDA:8,0,0,1
BRDA:8,0,1,1
BRDA:28,1,0,0
BRDA:28,1,1,0
BRDA:28,2,0,0
BRDA:28,2,1,0
BRDA:31,3,0,0
BRDA:31,3,1,0
BRDA:61,4,0,1
BRDA:61,4,1,4
BRDA:72,5,0,1
BRDA:72,5,1,3
BRDA:80,6,0,2
BRDA:80,6,1,0
BRDA:95,7,0,0
BRDA:95,7,1,0
BRDA:103,8,0,0
BRDA:103,8,1,0
BRF:18
BRH:7
end_of_record
TN:
SF:src/types/user.d.ts
FNF:0
FNH:0
LF:0
LH:0
BRF:0
BRH:0
end_of_record
